<?xml version="1.0" encoding="UTF-8"?>
<testng-results skipped="0" failed="0" ignored="0" total="1" passed="1">
  <reporter-output>
  </reporter-output>
  <suite name="Page Object Model" duration-ms="20071" started-at="2020-09-20T15:19:08 IST" finished-at="2020-09-20T15:19:28 IST">
    <groups>
    </groups>
    <test name=" LoginTest" duration-ms="20071" started-at="2020-09-20T15:19:08 IST" finished-at="2020-09-20T15:19:28 IST">
      <class name="com.w2a.testcases.LoginTest">
        <test-method status="PASS" signature="loginTest()[pri:0, instance:com.w2a.testcases.LoginTest@8c1f44]" name="loginTest" duration-ms="18854" started-at="2020-09-20T15:19:08 IST" finished-at="2020-09-20T15:19:27 IST">
          <reporter-output>
          </reporter-output>
        </test-method> <!-- loginTest -->
        <test-method status="PASS" signature="tearDown()[pri:0, instance:com.w2a.testcases.LoginTest@8c1f44]" name="tearDown" is-config="true" duration-ms="1244" started-at="2020-09-20T15:19:28 IST" finished-at="2020-09-20T15:19:29 IST">
          <reporter-output>
          </reporter-output>
        </test-method> <!-- tearDown -->
      </class> <!-- com.w2a.testcases.LoginTest -->
    </test> <!--  LoginTest -->
  </suite> <!-- Page Object Model -->
</testng-results>
